Traceback (most recent call last):
  File "C:\Users\gabyd\AppData\Local\Programs\Python\Python312\Lib\site-packages\jupyter_cache\executors\utils.py", line 58, in single_nb_execution
    executenb(
  File "C:\Users\gabyd\AppData\Local\Programs\Python\Python312\Lib\site-packages\nbclient\client.py", line 1319, in execute
    return NotebookClient(nb=nb, resources=resources, km=km, **kwargs).execute()
           ^^^^^^^^^^^^^^^^^^^^^^^^^^^^^^^^^^^^^^^^^^^^^^^^^^^^^^^^^^^^^^^^^^^^^
  File "C:\Users\gabyd\AppData\Roaming\Python\Python312\site-packages\jupyter_core\utils\__init__.py", line 165, in wrapped
    return loop.run_until_complete(inner)
           ^^^^^^^^^^^^^^^^^^^^^^^^^^^^^^
  File "C:\Users\gabyd\AppData\Local\Programs\Python\Python312\Lib\asyncio\base_events.py", line 687, in run_until_complete
    return future.result()
           ^^^^^^^^^^^^^^^
  File "C:\Users\gabyd\AppData\Local\Programs\Python\Python312\Lib\site-packages\nbclient\client.py", line 709, in async_execute
    await self.async_execute_cell(
  File "C:\Users\gabyd\AppData\Local\Programs\Python\Python312\Lib\site-packages\nbclient\client.py", line 1062, in async_execute_cell
    await self._check_raise_for_error(cell, cell_index, exec_reply)
  File "C:\Users\gabyd\AppData\Local\Programs\Python\Python312\Lib\site-packages\nbclient\client.py", line 918, in _check_raise_for_error
    raise CellExecutionError.from_cell_and_msg(cell, exec_reply_content)
nbclient.exceptions.CellExecutionError: An error occurred while executing the following cell:
------------------
df = pd.read_json(movies) # load movies data
genres = df['Major_Genre'].unique() # get unique field values
genres = list(filter(lambda d: d is not None, genres)) # filter out None values
genres.sort() # sort alphabetically
------------------


[1;31m---------------------------------------------------------------------------[0m
[1;31mgaierror[0m                                  Traceback (most recent call last)
File [1;32m~\AppData\Local\Programs\Python\Python312\Lib\urllib\request.py:1344[0m, in [0;36mAbstractHTTPHandler.do_open[1;34m(self, http_class, req, **http_conn_args)[0m
[0;32m   1343[0m [38;5;28;01mtry[39;00m:
[1;32m-> 1344[0m     [43mh[49m[38;5;241;43m.[39;49m[43mrequest[49m[43m([49m[43mreq[49m[38;5;241;43m.[39;49m[43mget_method[49m[43m([49m[43m)[49m[43m,[49m[43m [49m[43mreq[49m[38;5;241;43m.[39;49m[43mselector[49m[43m,[49m[43m [49m[43mreq[49m[38;5;241;43m.[39;49m[43mdata[49m[43m,[49m[43m [49m[43mheaders[49m[43m,[49m
[0;32m   1345[0m [43m              [49m[43mencode_chunked[49m[38;5;241;43m=[39;49m[43mreq[49m[38;5;241;43m.[39;49m[43mhas_header[49m[43m([49m[38;5;124;43m'[39;49m[38;5;124;43mTransfer-encoding[39;49m[38;5;124;43m'[39;49m[43m)[49m[43m)[49m
[0;32m   1346[0m [38;5;28;01mexcept[39;00m [38;5;167;01mOSError[39;00m [38;5;28;01mas[39;00m err: [38;5;66;03m# timeout error[39;00m

File [1;32m~\AppData\Local\Programs\Python\Python312\Lib\http\client.py:1336[0m, in [0;36mHTTPConnection.request[1;34m(self, method, url, body, headers, encode_chunked)[0m
[0;32m   1335[0m [38;5;250m[39m[38;5;124;03m"""Send a complete request to the server."""[39;00m
[1;32m-> 1336[0m [38;5;28;43mself[39;49m[38;5;241;43m.[39;49m[43m_send_request[49m[43m([49m[43mmethod[49m[43m,[49m[43m [49m[43murl[49m[43m,[49m[43m [49m[43mbody[49m[43m,[49m[43m [49m[43mheaders[49m[43m,[49m[43m [49m[43mencode_chunked[49m[43m)[49m

File [1;32m~\AppData\Local\Programs\Python\Python312\Lib\http\client.py:1382[0m, in [0;36mHTTPConnection._send_request[1;34m(self, method, url, body, headers, encode_chunked)[0m
[0;32m   1381[0m     body [38;5;241m=[39m _encode(body, [38;5;124m'[39m[38;5;124mbody[39m[38;5;124m'[39m)
[1;32m-> 1382[0m [38;5;28;43mself[39;49m[38;5;241;43m.[39;49m[43mendheaders[49m[43m([49m[43mbody[49m[43m,[49m[43m [49m[43mencode_chunked[49m[38;5;241;43m=[39;49m[43mencode_chunked[49m[43m)[49m

File [1;32m~\AppData\Local\Programs\Python\Python312\Lib\http\client.py:1331[0m, in [0;36mHTTPConnection.endheaders[1;34m(self, message_body, encode_chunked)[0m
[0;32m   1330[0m     [38;5;28;01mraise[39;00m CannotSendHeader()
[1;32m-> 1331[0m [38;5;28;43mself[39;49m[38;5;241;43m.[39;49m[43m_send_output[49m[43m([49m[43mmessage_body[49m[43m,[49m[43m [49m[43mencode_chunked[49m[38;5;241;43m=[39;49m[43mencode_chunked[49m[43m)[49m

File [1;32m~\AppData\Local\Programs\Python\Python312\Lib\http\client.py:1091[0m, in [0;36mHTTPConnection._send_output[1;34m(self, message_body, encode_chunked)[0m
[0;32m   1090[0m [38;5;28;01mdel[39;00m [38;5;28mself[39m[38;5;241m.[39m_buffer[:]
[1;32m-> 1091[0m [38;5;28;43mself[39;49m[38;5;241;43m.[39;49m[43msend[49m[43m([49m[43mmsg[49m[43m)[49m
[0;32m   1093[0m [38;5;28;01mif[39;00m message_body [38;5;129;01mis[39;00m [38;5;129;01mnot[39;00m [38;5;28;01mNone[39;00m:
[0;32m   1094[0m 
[0;32m   1095[0m     [38;5;66;03m# create a consistent interface to message_body[39;00m

File [1;32m~\AppData\Local\Programs\Python\Python312\Lib\http\client.py:1035[0m, in [0;36mHTTPConnection.send[1;34m(self, data)[0m
[0;32m   1034[0m [38;5;28;01mif[39;00m [38;5;28mself[39m[38;5;241m.[39mauto_open:
[1;32m-> 1035[0m     [38;5;28;43mself[39;49m[38;5;241;43m.[39;49m[43mconnect[49m[43m([49m[43m)[49m
[0;32m   1036[0m [38;5;28;01melse[39;00m:

File [1;32m~\AppData\Local\Programs\Python\Python312\Lib\http\client.py:1470[0m, in [0;36mHTTPSConnection.connect[1;34m(self)[0m
[0;32m   1468[0m [38;5;124m"[39m[38;5;124mConnect to a host on a given (SSL) port.[39m[38;5;124m"[39m
[1;32m-> 1470[0m [38;5;28;43msuper[39;49m[43m([49m[43m)[49m[38;5;241;43m.[39;49m[43mconnect[49m[43m([49m[43m)[49m
[0;32m   1472[0m [38;5;28;01mif[39;00m [38;5;28mself[39m[38;5;241m.[39m_tunnel_host:

File [1;32m~\AppData\Local\Programs\Python\Python312\Lib\http\client.py:1001[0m, in [0;36mHTTPConnection.connect[1;34m(self)[0m
[0;32m   1000[0m sys[38;5;241m.[39maudit([38;5;124m"[39m[38;5;124mhttp.client.connect[39m[38;5;124m"[39m, [38;5;28mself[39m, [38;5;28mself[39m[38;5;241m.[39mhost, [38;5;28mself[39m[38;5;241m.[39mport)
[1;32m-> 1001[0m [38;5;28mself[39m[38;5;241m.[39msock [38;5;241m=[39m [38;5;28;43mself[39;49m[38;5;241;43m.[39;49m[43m_create_connection[49m[43m([49m
[0;32m   1002[0m [43m    [49m[43m([49m[38;5;28;43mself[39;49m[38;5;241;43m.[39;49m[43mhost[49m[43m,[49m[38;5;28;43mself[39;49m[38;5;241;43m.[39;49m[43mport[49m[43m)[49m[43m,[49m[43m [49m[38;5;28;43mself[39;49m[38;5;241;43m.[39;49m[43mtimeout[49m[43m,[49m[43m [49m[38;5;28;43mself[39;49m[38;5;241;43m.[39;49m[43msource_address[49m[43m)[49m
[0;32m   1003[0m [38;5;66;03m# Might fail in OSs that don't implement TCP_NODELAY[39;00m

File [1;32m~\AppData\Local\Programs\Python\Python312\Lib\socket.py:828[0m, in [0;36mcreate_connection[1;34m(address, timeout, source_address, all_errors)[0m
[0;32m    827[0m exceptions [38;5;241m=[39m []
[1;32m--> 828[0m [38;5;28;01mfor[39;00m res [38;5;129;01min[39;00m [43mgetaddrinfo[49m[43m([49m[43mhost[49m[43m,[49m[43m [49m[43mport[49m[43m,[49m[43m [49m[38;5;241;43m0[39;49m[43m,[49m[43m [49m[43mSOCK_STREAM[49m[43m)[49m:
[0;32m    829[0m     af, socktype, proto, canonname, sa [38;5;241m=[39m res

File [1;32m~\AppData\Local\Programs\Python\Python312\Lib\socket.py:963[0m, in [0;36mgetaddrinfo[1;34m(host, port, family, type, proto, flags)[0m
[0;32m    962[0m addrlist [38;5;241m=[39m []
[1;32m--> 963[0m [38;5;28;01mfor[39;00m res [38;5;129;01min[39;00m [43m_socket[49m[38;5;241;43m.[39;49m[43mgetaddrinfo[49m[43m([49m[43mhost[49m[43m,[49m[43m [49m[43mport[49m[43m,[49m[43m [49m[43mfamily[49m[43m,[49m[43m [49m[38;5;28;43mtype[39;49m[43m,[49m[43m [49m[43mproto[49m[43m,[49m[43m [49m[43mflags[49m[43m)[49m:
[0;32m    964[0m     af, socktype, proto, canonname, sa [38;5;241m=[39m res

[1;31mgaierror[0m: [Errno 11001] getaddrinfo failed

During handling of the above exception, another exception occurred:

[1;31mURLError[0m                                  Traceback (most recent call last)
Cell [1;32mIn[7], line 1[0m
[1;32m----> 1[0m df [38;5;241m=[39m [43mpd[49m[38;5;241;43m.[39;49m[43mread_json[49m[43m([49m[43mmovies[49m[43m)[49m [38;5;66;03m# load movies data[39;00m
[0;32m      2[0m genres [38;5;241m=[39m df[[38;5;124m'[39m[38;5;124mMajor_Genre[39m[38;5;124m'[39m][38;5;241m.[39munique() [38;5;66;03m# get unique field values[39;00m
[0;32m      3[0m genres [38;5;241m=[39m [38;5;28mlist[39m([38;5;28mfilter[39m([38;5;28;01mlambda[39;00m d: d [38;5;129;01mis[39;00m [38;5;129;01mnot[39;00m [38;5;28;01mNone[39;00m, genres)) [38;5;66;03m# filter out None values[39;00m

File [1;32m~\AppData\Local\Programs\Python\Python312\Lib\site-packages\pandas\io\json\_json.py:791[0m, in [0;36mread_json[1;34m(path_or_buf, orient, typ, dtype, convert_axes, convert_dates, keep_default_dates, precise_float, date_unit, encoding, encoding_errors, lines, chunksize, compression, nrows, storage_options, dtype_backend, engine)[0m
[0;32m    788[0m [38;5;28;01mif[39;00m convert_axes [38;5;129;01mis[39;00m [38;5;28;01mNone[39;00m [38;5;129;01mand[39;00m orient [38;5;241m!=[39m [38;5;124m"[39m[38;5;124mtable[39m[38;5;124m"[39m:
[0;32m    789[0m     convert_axes [38;5;241m=[39m [38;5;28;01mTrue[39;00m
[1;32m--> 791[0m json_reader [38;5;241m=[39m [43mJsonReader[49m[43m([49m
[0;32m    792[0m [43m    [49m[43mpath_or_buf[49m[43m,[49m
[0;32m    793[0m [43m    [49m[43morient[49m[38;5;241;43m=[39;49m[43morient[49m[43m,[49m
[0;32m    794[0m [43m    [49m[43mtyp[49m[38;5;241;43m=[39;49m[43mtyp[49m[43m,[49m
[0;32m    795[0m [43m    [49m[43mdtype[49m[38;5;241;43m=[39;49m[43mdtype[49m[43m,[49m
[0;32m    796[0m [43m    [49m[43mconvert_axes[49m[38;5;241;43m=[39;49m[43mconvert_axes[49m[43m,[49m
[0;32m    797[0m [43m    [49m[43mconvert_dates[49m[38;5;241;43m=[39;49m[43mconvert_dates[49m[43m,[49m
[0;32m    798[0m [43m    [49m[43mkeep_default_dates[49m[38;5;241;43m=[39;49m[43mkeep_default_dates[49m[43m,[49m
[0;32m    799[0m [43m    [49m[43mprecise_float[49m[38;5;241;43m=[39;49m[43mprecise_float[49m[43m,[49m
[0;32m    800[0m [43m    [49m[43mdate_unit[49m[38;5;241;43m=[39;49m[43mdate_unit[49m[43m,[49m
[0;32m    801[0m [43m    [49m[43mencoding[49m[38;5;241;43m=[39;49m[43mencoding[49m[43m,[49m
[0;32m    802[0m [43m    [49m[43mlines[49m[38;5;241;43m=[39;49m[43mlines[49m[43m,[49m
[0;32m    803[0m [43m    [49m[43mchunksize[49m[38;5;241;43m=[39;49m[43mchunksize[49m[43m,[49m
[0;32m    804[0m [43m    [49m[43mcompression[49m[38;5;241;43m=[39;49m[43mcompression[49m[43m,[49m
[0;32m    805[0m [43m    [49m[43mnrows[49m[38;5;241;43m=[39;49m[43mnrows[49m[43m,[49m
[0;32m    806[0m [43m    [49m[43mstorage_options[49m[38;5;241;43m=[39;49m[43mstorage_options[49m[43m,[49m
[0;32m    807[0m [43m    [49m[43mencoding_errors[49m[38;5;241;43m=[39;49m[43mencoding_errors[49m[43m,[49m
[0;32m    808[0m [43m    [49m[43mdtype_backend[49m[38;5;241;43m=[39;49m[43mdtype_backend[49m[43m,[49m
[0;32m    809[0m [43m    [49m[43mengine[49m[38;5;241;43m=[39;49m[43mengine[49m[43m,[49m
[0;32m    810[0m [43m[49m[43m)[49m
[0;32m    812[0m [38;5;28;01mif[39;00m chunksize:
[0;32m    813[0m     [38;5;28;01mreturn[39;00m json_reader

File [1;32m~\AppData\Local\Programs\Python\Python312\Lib\site-packages\pandas\io\json\_json.py:904[0m, in [0;36mJsonReader.__init__[1;34m(self, filepath_or_buffer, orient, typ, dtype, convert_axes, convert_dates, keep_default_dates, precise_float, date_unit, encoding, lines, chunksize, compression, nrows, storage_options, encoding_errors, dtype_backend, engine)[0m
[0;32m    902[0m     [38;5;28mself[39m[38;5;241m.[39mdata [38;5;241m=[39m filepath_or_buffer
[0;32m    903[0m [38;5;28;01melif[39;00m [38;5;28mself[39m[38;5;241m.[39mengine [38;5;241m==[39m [38;5;124m"[39m[38;5;124mujson[39m[38;5;124m"[39m:
[1;32m--> 904[0m     data [38;5;241m=[39m [38;5;28;43mself[39;49m[38;5;241;43m.[39;49m[43m_get_data_from_filepath[49m[43m([49m[43mfilepath_or_buffer[49m[43m)[49m
[0;32m    905[0m     [38;5;28mself[39m[38;5;241m.[39mdata [38;5;241m=[39m [38;5;28mself[39m[38;5;241m.[39m_preprocess_data(data)

File [1;32m~\AppData\Local\Programs\Python\Python312\Lib\site-packages\pandas\io\json\_json.py:944[0m, in [0;36mJsonReader._get_data_from_filepath[1;34m(self, filepath_or_buffer)[0m
[0;32m    937[0m filepath_or_buffer [38;5;241m=[39m stringify_path(filepath_or_buffer)
[0;32m    938[0m [38;5;28;01mif[39;00m (
[0;32m    939[0m     [38;5;129;01mnot[39;00m [38;5;28misinstance[39m(filepath_or_buffer, [38;5;28mstr[39m)
[0;32m    940[0m     [38;5;129;01mor[39;00m is_url(filepath_or_buffer)
[0;32m    941[0m     [38;5;129;01mor[39;00m is_fsspec_url(filepath_or_buffer)
[0;32m    942[0m     [38;5;129;01mor[39;00m file_exists(filepath_or_buffer)
[0;32m    943[0m ):
[1;32m--> 944[0m     [38;5;28mself[39m[38;5;241m.[39mhandles [38;5;241m=[39m [43mget_handle[49m[43m([49m
[0;32m    945[0m [43m        [49m[43mfilepath_or_buffer[49m[43m,[49m
[0;32m    946[0m [43m        [49m[38;5;124;43m"[39;49m[38;5;124;43mr[39;49m[38;5;124;43m"[39;49m[43m,[49m
[0;32m    947[0m [43m        [49m[43mencoding[49m[38;5;241;43m=[39;49m[38;5;28;43mself[39;49m[38;5;241;43m.[39;49m[43mencoding[49m[43m,[49m
[0;32m    948[0m [43m        [49m[43mcompression[49m[38;5;241;43m=[39;49m[38;5;28;43mself[39;49m[38;5;241;43m.[39;49m[43mcompression[49m[43m,[49m
[0;32m    949[0m [43m        [49m[43mstorage_options[49m[38;5;241;43m=[39;49m[38;5;28;43mself[39;49m[38;5;241;43m.[39;49m[43mstorage_options[49m[43m,[49m
[0;32m    950[0m [43m        [49m[43merrors[49m[38;5;241;43m=[39;49m[38;5;28;43mself[39;49m[38;5;241;43m.[39;49m[43mencoding_errors[49m[43m,[49m
[0;32m    951[0m [43m    [49m[43m)[49m
[0;32m    952[0m     filepath_or_buffer [38;5;241m=[39m [38;5;28mself[39m[38;5;241m.[39mhandles[38;5;241m.[39mhandle
[0;32m    953[0m [38;5;28;01melif[39;00m (
[0;32m    954[0m     [38;5;28misinstance[39m(filepath_or_buffer, [38;5;28mstr[39m)
[0;32m    955[0m     [38;5;129;01mand[39;00m filepath_or_buffer[38;5;241m.[39mlower()[38;5;241m.[39mendswith(
[1;32m   (...)[0m
[0;32m    958[0m     [38;5;129;01mand[39;00m [38;5;129;01mnot[39;00m file_exists(filepath_or_buffer)
[0;32m    959[0m ):

File [1;32m~\AppData\Local\Programs\Python\Python312\Lib\site-packages\pandas\io\common.py:728[0m, in [0;36mget_handle[1;34m(path_or_buf, mode, encoding, compression, memory_map, is_text, errors, storage_options)[0m
[0;32m    725[0m     codecs[38;5;241m.[39mlookup_error(errors)
[0;32m    727[0m [38;5;66;03m# open URLs[39;00m
[1;32m--> 728[0m ioargs [38;5;241m=[39m [43m_get_filepath_or_buffer[49m[43m([49m
[0;32m    729[0m [43m    [49m[43mpath_or_buf[49m[43m,[49m
[0;32m    730[0m [43m    [49m[43mencoding[49m[38;5;241;43m=[39;49m[43mencoding[49m[43m,[49m
[0;32m    731[0m [43m    [49m[43mcompression[49m[38;5;241;43m=[39;49m[43mcompression[49m[43m,[49m
[0;32m    732[0m [43m    [49m[43mmode[49m[38;5;241;43m=[39;49m[43mmode[49m[43m,[49m
[0;32m    733[0m [43m    [49m[43mstorage_options[49m[38;5;241;43m=[39;49m[43mstorage_options[49m[43m,[49m
[0;32m    734[0m [43m[49m[43m)[49m
[0;32m    736[0m handle [38;5;241m=[39m ioargs[38;5;241m.[39mfilepath_or_buffer
[0;32m    737[0m handles: [38;5;28mlist[39m[BaseBuffer]

File [1;32m~\AppData\Local\Programs\Python\Python312\Lib\site-packages\pandas\io\common.py:384[0m, in [0;36m_get_filepath_or_buffer[1;34m(filepath_or_buffer, encoding, compression, mode, storage_options)[0m
[0;32m    382[0m [38;5;66;03m# assuming storage_options is to be interpreted as headers[39;00m
[0;32m    383[0m req_info [38;5;241m=[39m urllib[38;5;241m.[39mrequest[38;5;241m.[39mRequest(filepath_or_buffer, headers[38;5;241m=[39mstorage_options)
[1;32m--> 384[0m [38;5;28;01mwith[39;00m [43murlopen[49m[43m([49m[43mreq_info[49m[43m)[49m [38;5;28;01mas[39;00m req:
[0;32m    385[0m     content_encoding [38;5;241m=[39m req[38;5;241m.[39mheaders[38;5;241m.[39mget([38;5;124m"[39m[38;5;124mContent-Encoding[39m[38;5;124m"[39m, [38;5;28;01mNone[39;00m)
[0;32m    386[0m     [38;5;28;01mif[39;00m content_encoding [38;5;241m==[39m [38;5;124m"[39m[38;5;124mgzip[39m[38;5;124m"[39m:
[0;32m    387[0m         [38;5;66;03m# Override compression based on Content-Encoding header[39;00m

File [1;32m~\AppData\Local\Programs\Python\Python312\Lib\site-packages\pandas\io\common.py:289[0m, in [0;36murlopen[1;34m(*args, **kwargs)[0m
[0;32m    283[0m [38;5;250m[39m[38;5;124;03m"""[39;00m
[0;32m    284[0m [38;5;124;03mLazy-import wrapper for stdlib urlopen, as that imports a big chunk of[39;00m
[0;32m    285[0m [38;5;124;03mthe stdlib.[39;00m
[0;32m    286[0m [38;5;124;03m"""[39;00m
[0;32m    287[0m [38;5;28;01mimport[39;00m[38;5;250m [39m[38;5;21;01murllib[39;00m[38;5;21;01m.[39;00m[38;5;21;01mrequest[39;00m
[1;32m--> 289[0m [38;5;28;01mreturn[39;00m [43murllib[49m[38;5;241;43m.[39;49m[43mrequest[49m[38;5;241;43m.[39;49m[43murlopen[49m[43m([49m[38;5;241;43m*[39;49m[43margs[49m[43m,[49m[43m [49m[38;5;241;43m*[39;49m[38;5;241;43m*[39;49m[43mkwargs[49m[43m)[49m

File [1;32m~\AppData\Local\Programs\Python\Python312\Lib\urllib\request.py:215[0m, in [0;36murlopen[1;34m(url, data, timeout, cafile, capath, cadefault, context)[0m
[0;32m    213[0m [38;5;28;01melse[39;00m:
[0;32m    214[0m     opener [38;5;241m=[39m _opener
[1;32m--> 215[0m [38;5;28;01mreturn[39;00m [43mopener[49m[38;5;241;43m.[39;49m[43mopen[49m[43m([49m[43murl[49m[43m,[49m[43m [49m[43mdata[49m[43m,[49m[43m [49m[43mtimeout[49m[43m)[49m

File [1;32m~\AppData\Local\Programs\Python\Python312\Lib\urllib\request.py:515[0m, in [0;36mOpenerDirector.open[1;34m(self, fullurl, data, timeout)[0m
[0;32m    512[0m     req [38;5;241m=[39m meth(req)
[0;32m    514[0m sys[38;5;241m.[39maudit([38;5;124m'[39m[38;5;124murllib.Request[39m[38;5;124m'[39m, req[38;5;241m.[39mfull_url, req[38;5;241m.[39mdata, req[38;5;241m.[39mheaders, req[38;5;241m.[39mget_method())
[1;32m--> 515[0m response [38;5;241m=[39m [38;5;28;43mself[39;49m[38;5;241;43m.[39;49m[43m_open[49m[43m([49m[43mreq[49m[43m,[49m[43m [49m[43mdata[49m[43m)[49m
[0;32m    517[0m [38;5;66;03m# post-process response[39;00m
[0;32m    518[0m meth_name [38;5;241m=[39m protocol[38;5;241m+[39m[38;5;124m"[39m[38;5;124m_response[39m[38;5;124m"[39m

File [1;32m~\AppData\Local\Programs\Python\Python312\Lib\urllib\request.py:532[0m, in [0;36mOpenerDirector._open[1;34m(self, req, data)[0m
[0;32m    529[0m     [38;5;28;01mreturn[39;00m result
[0;32m    531[0m protocol [38;5;241m=[39m req[38;5;241m.[39mtype
[1;32m--> 532[0m result [38;5;241m=[39m [38;5;28;43mself[39;49m[38;5;241;43m.[39;49m[43m_call_chain[49m[43m([49m[38;5;28;43mself[39;49m[38;5;241;43m.[39;49m[43mhandle_open[49m[43m,[49m[43m [49m[43mprotocol[49m[43m,[49m[43m [49m[43mprotocol[49m[43m [49m[38;5;241;43m+[39;49m
[0;32m    533[0m [43m                          [49m[38;5;124;43m'[39;49m[38;5;124;43m_open[39;49m[38;5;124;43m'[39;49m[43m,[49m[43m [49m[43mreq[49m[43m)[49m
[0;32m    534[0m [38;5;28;01mif[39;00m result:
[0;32m    535[0m     [38;5;28;01mreturn[39;00m result

File [1;32m~\AppData\Local\Programs\Python\Python312\Lib\urllib\request.py:492[0m, in [0;36mOpenerDirector._call_chain[1;34m(self, chain, kind, meth_name, *args)[0m
[0;32m    490[0m [38;5;28;01mfor[39;00m handler [38;5;129;01min[39;00m handlers:
[0;32m    491[0m     func [38;5;241m=[39m [38;5;28mgetattr[39m(handler, meth_name)
[1;32m--> 492[0m     result [38;5;241m=[39m [43mfunc[49m[43m([49m[38;5;241;43m*[39;49m[43margs[49m[43m)[49m
[0;32m    493[0m     [38;5;28;01mif[39;00m result [38;5;129;01mis[39;00m [38;5;129;01mnot[39;00m [38;5;28;01mNone[39;00m:
[0;32m    494[0m         [38;5;28;01mreturn[39;00m result

File [1;32m~\AppData\Local\Programs\Python\Python312\Lib\urllib\request.py:1392[0m, in [0;36mHTTPSHandler.https_open[1;34m(self, req)[0m
[0;32m   1391[0m [38;5;28;01mdef[39;00m[38;5;250m [39m[38;5;21mhttps_open[39m([38;5;28mself[39m, req):
[1;32m-> 1392[0m     [38;5;28;01mreturn[39;00m [38;5;28;43mself[39;49m[38;5;241;43m.[39;49m[43mdo_open[49m[43m([49m[43mhttp[49m[38;5;241;43m.[39;49m[43mclient[49m[38;5;241;43m.[39;49m[43mHTTPSConnection[49m[43m,[49m[43m [49m[43mreq[49m[43m,[49m
[0;32m   1393[0m [43m                        [49m[43mcontext[49m[38;5;241;43m=[39;49m[38;5;28;43mself[39;49m[38;5;241;43m.[39;49m[43m_context[49m[43m)[49m

File [1;32m~\AppData\Local\Programs\Python\Python312\Lib\urllib\request.py:1347[0m, in [0;36mAbstractHTTPHandler.do_open[1;34m(self, http_class, req, **http_conn_args)[0m
[0;32m   1344[0m         h[38;5;241m.[39mrequest(req[38;5;241m.[39mget_method(), req[38;5;241m.[39mselector, req[38;5;241m.[39mdata, headers,
[0;32m   1345[0m                   encode_chunked[38;5;241m=[39mreq[38;5;241m.[39mhas_header([38;5;124m'[39m[38;5;124mTransfer-encoding[39m[38;5;124m'[39m))
[0;32m   1346[0m     [38;5;28;01mexcept[39;00m [38;5;167;01mOSError[39;00m [38;5;28;01mas[39;00m err: [38;5;66;03m# timeout error[39;00m
[1;32m-> 1347[0m         [38;5;28;01mraise[39;00m URLError(err)
[0;32m   1348[0m     r [38;5;241m=[39m h[38;5;241m.[39mgetresponse()
[0;32m   1349[0m [38;5;28;01mexcept[39;00m:

[1;31mURLError[0m: <urlopen error [Errno 11001] getaddrinfo failed>

